<?xml version="1.0" encoding="UTF-8"?>
<!-- Generated by org.testng.reporters.JUnitXMLReporter -->
<testsuite hostname="DESKTOP-6QT72H3" failures="0" tests="6" name="Test" time="23.153" errors="0" timestamp="16 Mar 2022 17:11:58 GMT">
  <testcase classname="listeners.TestNGListenersDemo" name="test1" time="0.024"/>
  <testcase classname="listeners.TestNGListenersDemo" name="test2" time="23.016"/>
  <testcase classname="listeners.TestNGListenersDemo" name="test3" time="0.006">
    <skipped/>
  </testcase> <!-- test3 -->
  <testcase classname="listeners.TestNGListenersDemo2" name="test4" time="0.007"/>
  <testcase classname="listeners.TestNGListenersDemo2" name="test5" time="0.006"/>
  <testcase classname="listeners.TestNGListenersDemo2" name="test6" time="0.004">
    <skipped/>
  </testcase> <!-- test6 -->
</testsuite> <!-- Test -->
