<?xml version="1.0" encoding="UTF-8"?>
<!-- Generated by org.testng.reporters.JUnitXMLReporter -->
<testsuite hostname="DESKTOP-6QT72H3" failures="0" tests="6" name="Test" time="20.028" errors="0" timestamp="14 Mar 2022 13:52:54 GMT">
  <testcase classname="listeners.TestNGListenersDemo" name="test1" time="0.022"/>
  <testcase classname="listeners.TestNGListenersDemo" name="test2" time="19.921"/>
  <testcase classname="listeners.TestNGListenersDemo" name="test3" time="0.005">
    <skipped/>
  </testcase> <!-- test3 -->
  <testcase classname="listeners.TestNGListenersDemo2" name="test4" time="0.004"/>
  <testcase classname="listeners.TestNGListenersDemo2" name="test5" time="0.004"/>
  <testcase classname="listeners.TestNGListenersDemo2" name="test6" time="0.003">
    <skipped/>
  </testcase> <!-- test6 -->
</testsuite> <!-- Test -->
